<?xml version="1.0" encoding="utf-8"?><testsuites name="pytest tests"><testsuite name="pytest" errors="0" failures="0" skipped="0" tests="14" time="1.714" timestamp="2026-02-03T10:40:22.400948+00:00" hostname="agent-env-cae8f242-9894-4bb3-83f8-9b8485659a28"><testcase classname="backend.tests.test_api.TestHealthCheck" name="test_root_endpoint" time="0.068" /><testcase classname="backend.tests.test_api.TestContactForm" name="test_contact_form_success" time="0.342" /><testcase classname="backend.tests.test_api.TestContactForm" name="test_contact_form_missing_name" time="0.039" /><testcase classname="backend.tests.test_api.TestContactForm" name="test_contact_form_missing_email" time="0.040" /><testcase classname="backend.tests.test_api.TestContactForm" name="test_contact_form_missing_phone" time="0.038" /><testcase classname="backend.tests.test_api.TestContactForm" name="test_contact_form_missing_subject" time="0.046" /><testcase classname="backend.tests.test_api.TestContactForm" name="test_contact_form_missing_message" time="0.036" /><testcase classname="backend.tests.test_api.TestFranchiseRegistration" name="test_franchise_registration_success" time="0.225" /><testcase classname="backend.tests.test_api.TestFranchiseRegistration" name="test_franchise_registration_minimal_fields" time="0.591" /><testcase classname="backend.tests.test_api.TestFranchiseRegistration" name="test_franchise_registration_missing_fullname" time="0.039" /><testcase classname="backend.tests.test_api.TestFranchiseRegistration" name="test_franchise_registration_missing_email" time="0.042" /><testcase classname="backend.tests.test_api.TestFranchiseRegistration" name="test_franchise_registration_missing_investment" time="0.039" /><testcase classname="backend.tests.test_api.TestStatusEndpoint" name="test_create_status_check" time="0.064" /><testcase classname="backend.tests.test_api.TestStatusEndpoint" name="test_get_status_checks" time="0.040" /></testsuite></testsuites>